  MP3.cpp
C:\Users\Aiwass\source\repos\Extracting_ID3_from_mp3_SKP\MP3.cpp(296,24): warning C4018: '<': signed/unsigned mismatch
C:\Program Files\Microsoft Visual Studio\2022\Community\VC\Tools\MSVC\14.31.31103\include\utility(190,54): warning C4244: 'initializing': conversion from '_Ty' to '_Ty2', possible loss of data
          with
          [
              _Ty=__int64
          ]
          and
          [
              _Ty2=int
          ]
C:\Users\Aiwass\source\repos\Extracting_ID3_from_mp3_SKP\MP3.cpp(218): message : see reference to function template instantiation 'std::pair<std::string,int>::pair<std::basic_string<char,std::char_traits<char>,std::allocator<char>>,__int64,0>(_Other1 &&,_Other2 &&) noexcept' being compiled
          with
          [
              _Other1=std::basic_string<char,std::char_traits<char>,std::allocator<char>>,
              _Other2=__int64
          ]
C:\Users\Aiwass\source\repos\Extracting_ID3_from_mp3_SKP\MP3.cpp(218): message : see reference to function template instantiation 'std::pair<std::string,int>::pair<std::basic_string<char,std::char_traits<char>,std::allocator<char>>,__int64,0>(_Other1 &&,_Other2 &&) noexcept' being compiled
          with
          [
              _Other1=std::basic_string<char,std::char_traits<char>,std::allocator<char>>,
              _Other2=__int64
          ]
  Source.cpp
  Generating Code...
  Extracting_ID3_from_mp3_SKP.vcxproj -> C:\Users\Aiwass\source\repos\Extracting_ID3_from_mp3_SKP\x64\Debug\Extracting_ID3_from_mp3_SKP.exe
